2024-10-22T17:53:07.924+05:30  INFO 9032 --- [EcomDB] [restartedMain] c.s.EcomDB.EcomDbApplication             : Starting EcomDbApplication using Java 22.0.1 with PID 9032 (C:\Users\SanthiyaP\Downloads\EcomDB\EcomDB\target\classes started by SanthiyaP in C:\Users\SanthiyaP\Downloads\EcomDB\EcomDB)
2024-10-22T17:53:07.928+05:30  INFO 9032 --- [EcomDB] [restartedMain] c.s.EcomDB.EcomDbApplication             : No active profile set, falling back to 1 default profile: "default"
2024-10-22T17:53:08.036+05:30  INFO 9032 --- [EcomDB] [restartedMain] .e.DevToolsPropertyDefaultsPostProcessor : Devtools property defaults active! Set 'spring.devtools.add-properties' to 'false' to disable
2024-10-22T17:53:08.036+05:30  INFO 9032 --- [EcomDB] [restartedMain] .e.DevToolsPropertyDefaultsPostProcessor : For additional web related logging consider setting the 'logging.level.web' property to 'DEBUG'
2024-10-22T17:53:09.320+05:30  INFO 9032 --- [EcomDB] [restartedMain] .s.d.r.c.RepositoryConfigurationDelegate : Bootstrapping Spring Data JPA repositories in DEFAULT mode.
2024-10-22T17:53:09.426+05:30  INFO 9032 --- [EcomDB] [restartedMain] .s.d.r.c.RepositoryConfigurationDelegate : Finished Spring Data repository scanning in 82 ms. Found 1 JPA repository interface.
2024-10-22T17:53:10.641+05:30  INFO 9032 --- [EcomDB] [restartedMain] o.s.b.w.embedded.tomcat.TomcatWebServer  : Tomcat initialized with port 9181 (http)
2024-10-22T17:53:10.663+05:30  INFO 9032 --- [EcomDB] [restartedMain] o.apache.catalina.core.StandardService   : Starting service [Tomcat]
2024-10-22T17:53:10.663+05:30  INFO 9032 --- [EcomDB] [restartedMain] o.apache.catalina.core.StandardEngine    : Starting Servlet engine: [Apache Tomcat/10.1.30]
2024-10-22T17:53:10.712+05:30  INFO 9032 --- [EcomDB] [restartedMain] o.a.c.c.C.[Tomcat].[localhost].[/]       : Initializing Spring embedded WebApplicationContext
2024-10-22T17:53:10.713+05:30  INFO 9032 --- [EcomDB] [restartedMain] w.s.c.ServletWebServerApplicationContext : Root WebApplicationContext: initialization completed in 2676 ms
2024-10-22T17:53:10.762+05:30  INFO 9032 --- [EcomDB] [restartedMain] com.zaxxer.hikari.HikariDataSource       : HikariPool-1 - Starting...
2024-10-22T17:53:11.030+05:30  INFO 9032 --- [EcomDB] [restartedMain] com.zaxxer.hikari.pool.HikariPool        : HikariPool-1 - Added connection conn0: url=jdbc:h2:mem:test user=SA
2024-10-22T17:53:11.033+05:30  INFO 9032 --- [EcomDB] [restartedMain] com.zaxxer.hikari.HikariDataSource       : HikariPool-1 - Start completed.
2024-10-22T17:53:11.056+05:30  INFO 9032 --- [EcomDB] [restartedMain] o.s.b.a.h2.H2ConsoleAutoConfiguration    : H2 console available at '/h2-console'. Database available at 'jdbc:h2:mem:test'
2024-10-22T17:53:11.317+05:30  INFO 9032 --- [EcomDB] [restartedMain] o.hibernate.jpa.internal.util.LogHelper  : HHH000204: Processing PersistenceUnitInfo [name: default]
2024-10-22T17:53:11.416+05:30  INFO 9032 --- [EcomDB] [restartedMain] org.hibernate.Version                    : HHH000412: Hibernate ORM core version 6.5.3.Final
2024-10-22T17:53:11.465+05:30  INFO 9032 --- [EcomDB] [restartedMain] o.h.c.internal.RegionFactoryInitiator    : HHH000026: Second-level cache disabled
2024-10-22T17:53:11.963+05:30  INFO 9032 --- [EcomDB] [restartedMain] o.s.o.j.p.SpringPersistenceUnitInfo      : No LoadTimeWeaver setup: ignoring JPA class transformer
2024-10-22T17:53:12.036+05:30  WARN 9032 --- [EcomDB] [restartedMain] org.hibernate.orm.deprecation            : HHH90000025: H2Dialect does not need to be specified explicitly using 'hibernate.dialect' (remove the property setting and it will be selected by default)
2024-10-22T17:53:13.073+05:30  INFO 9032 --- [EcomDB] [restartedMain] o.h.e.t.j.p.i.JtaPlatformInitiator       : HHH000489: No JTA platform available (set 'hibernate.transaction.jta.platform' to enable JTA platform integration)
2024-10-22T17:53:13.109+05:30  INFO 9032 --- [EcomDB] [restartedMain] j.LocalContainerEntityManagerFactoryBean : Initialized JPA EntityManagerFactory for persistence unit 'default'
2024-10-22T17:53:13.563+05:30  WARN 9032 --- [EcomDB] [restartedMain] JpaBaseConfiguration$JpaWebConfiguration : spring.jpa.open-in-view is enabled by default. Therefore, database queries may be performed during view rendering. Explicitly configure spring.jpa.open-in-view to disable this warning
2024-10-22T17:53:14.095+05:30  INFO 9032 --- [EcomDB] [restartedMain] o.s.b.d.a.OptionalLiveReloadServer       : LiveReload server is running on port 35729
2024-10-22T17:53:14.142+05:30  INFO 9032 --- [EcomDB] [restartedMain] o.s.b.w.embedded.tomcat.TomcatWebServer  : Tomcat started on port 9181 (http) with context path '/'
2024-10-22T17:53:14.156+05:30  INFO 9032 --- [EcomDB] [restartedMain] c.s.EcomDB.EcomDbApplication             : Started EcomDbApplication in 6.968 seconds (process running for 9.008)
2024-10-22T17:53:55.532+05:30  INFO 9032 --- [EcomDB] [http-nio-9181-exec-1] o.a.c.c.C.[Tomcat].[localhost].[/]       : Initializing Spring DispatcherServlet 'dispatcherServlet'
2024-10-22T17:53:55.533+05:30  INFO 9032 --- [EcomDB] [http-nio-9181-exec-1] o.s.web.servlet.DispatcherServlet        : Initializing Servlet 'dispatcherServlet'
2024-10-22T17:53:55.537+05:30  INFO 9032 --- [EcomDB] [http-nio-9181-exec-1] o.s.web.servlet.DispatcherServlet        : Completed initialization in 4 ms
2024-10-22T17:53:55.932+05:30  INFO 9032 --- [EcomDB] [http-nio-9181-exec-1] c.s.E.Controller.CategoryController      : Inside the Category
